<?xml version="1.0" encoding="UTF-8"?>
<testsuite name="tdd_kata.GreeterTest" tests="1" skipped="0" failures="0" errors="0" timestamp="2023-04-06T18:25:57" hostname="jecop" time="0.04">
  <properties/>
  <testcase name="givenSingleNameInUppercaseAndMultipleNullNames_whenGreetMethodIsCalled_thenGreetingShouldContainAllNamesInCorrectCaseAndOrder()" classname="tdd_kata.GreeterTest" time="0.04"/>
  <system-out><![CDATA[]]></system-out>
  <system-err><![CDATA[]]></system-err>
</testsuite>
