<?xml version="1.0" encoding="UTF-8"?>
<testsuite name="tdd_kata.GreeterTest" tests="17" skipped="0" failures="0" errors="0" timestamp="2023-04-03T18:38:57" hostname="jecop" time="0.077">
  <properties/>
  <testcase name="givenMultipleNamesAndSingleNullName_whenGreetMethodIsCalled_thenGreetingShouldContainAllNamesAndStandIn()" classname="tdd_kata.GreeterTest" time="0.041"/>
  <testcase name="givenSingleNameInUppercaseAndSingleNullName_whenGreetMethodIsCalled_thenGreetingShouldContainAllNamesInCorrectCaseAndOrder()" classname="tdd_kata.GreeterTest" time="0.002"/>
  <testcase name="givenMultipleNamesAreAllInUppercase_whenGreetMethodIsCalled_thenGreetingShouldContainAllNamesInCorrectCase()" classname="tdd_kata.GreeterTest" time="0.002"/>
  <testcase name="givenMultipleNamesAndBlankName_whenGreetMethodIsCalled_thenGreetingShouldContainAllNamesAndStandIn()" classname="tdd_kata.GreeterTest" time="0.001"/>
  <testcase name="givenMultipleNamesAreNullOrEmpty_whenGreetMethodIsCalled_thenGreetingShouldContainMultipleStandIn()" classname="tdd_kata.GreeterTest" time="0.001"/>
  <testcase name="givenNameIsEmpty_whenGreetMethodIsCalled_thenGreetingShouldContainStandIn()" classname="tdd_kata.GreeterTest" time="0.001"/>
  <testcase name="givenSingleUppercaseAndMultipleNormalNamesNamesAndNullNames_whenGreetMethodIsCalled_thenGreetingShouldContainAllNamesInCorrectCaseAndOrder()" classname="tdd_kata.GreeterTest" time="0.001"/>
  <testcase name="givenMultipleUppercaseAndMultipleNormalNamesNamesAndNullNames_whenGreetMethodIsCalled_thenGreetingShouldContainAllNamesInCorrectCaseAndOrder()" classname="tdd_kata.GreeterTest" time="0.002"/>
  <testcase name="givenMultipleNamesInUppercaseAndSingleBlankName_whenGreetMethodIsCalled_thenGreetingShouldContainAllNamesInCorrectCaseAndOrder()" classname="tdd_kata.GreeterTest" time="0.002"/>
  <testcase name="givenSingleNameAndSingleNullName_whenGreetMethodIsCalled_thenGreetingShouldContainAllNamesAndStandIn()" classname="tdd_kata.GreeterTest" time="0.001"/>
  <testcase name="givenMultipleNamesInUppercaseAndMultipleBlankNames_whenGreetMethodIsCalled_thenGreetingShouldContainAllNamesInCorrectCaseAndOrder()" classname="tdd_kata.GreeterTest" time="0.001"/>
  <testcase name="givenMultipleNamesInUppercaseAndMultipleNormalNames_whenGreetMethodIsCalled_thenGreetingShouldContainAllNamesInCorrectCaseAndOrder()" classname="tdd_kata.GreeterTest" time="0.001"/>
  <testcase name="givenSingleNameAndMultipleNullNames_whenGreetMethodIsCalled_thenGreetingShouldContainAllNamesAndStandIn()" classname="tdd_kata.GreeterTest" time="0.001"/>
  <testcase name="givenNameIsAllUppercase_whenGreetMethodIsCalled_thenGreetingShouldBeInUppercase()" classname="tdd_kata.GreeterTest" time="0.001"/>
  <testcase name="givenMultipleNamesAndMultipleNullNames_whenGreetMethodIsCalled_thenGreetingShouldContainAllNamesAndStandIn()" classname="tdd_kata.GreeterTest" time="0.001"/>
  <testcase name="givenNameIsNull_whenGreetMethodIsCalled_thenGreetingShouldContainStandIn()" classname="tdd_kata.GreeterTest" time="0.001"/>
  <testcase name="givenSingleName_whenGreetMethodIsCalled_thenGreetingShouldContainName()" classname="tdd_kata.GreeterTest" time="0.001"/>
  <system-out><![CDATA[]]></system-out>
  <system-err><![CDATA[]]></system-err>
</testsuite>
